mnan
mnan
mnan
mnan
mnan
mnan
mnan
mnan
mnan
mnan
mnan
mnan
mnan
mnan
mnan
mnan
mnan
mnan
mnan
mnan
mnan
mnan
mnan
mnan
mnan
mnan
mnan
mnan
mnan
mnan
mnan
mnan
mnan
mnan
mnan
mnan
mnan
mnan
mnan
mnan
mnan
me
me
me
me
me
me
me
me
me
me
me
me
me
me
me
me
me
me
12233234
12233234
12233234
12233234
12233234
12233234
12233234
12233234
12233234
12233234
12233234
12233234
12233234
bold
bold
bold
bold
bold
bold
bold
bold
bold
bold
bold
[DATETIME:2016-09-07 16:52:06][STATUS:Sent SMS][SMSC:goat][FROM:abc[TO:08170814752[MSG:missing
[DATETIME:2016-09-07 16:52:07][STATUS:Sent SMS][SMSC:goat][FROM:abc[TO:08170814752[MSG:missing
[DATETIME:2016-09-07 16:54:31][STATUS:Sent SMS][SMSC:goat][FROM:abc][TO:08170814752][MSG:missing]
[DATETIME:2016-09-07 16:54:31][STATUS:Sent SMS][SMSC:goat][FROM:abc][TO:08170814752][MSG:missing]
[DATETIME:2016-09-07 16:54:32][STATUS:Sent SMS][SMSC:goat][FROM:abc][TO:08170814752][MSG:missing]
[DATETIME:2016-09-07 16:54:33][STATUS:Sent SMS][SMSC:goat][FROM:abc][TO:08170814752][MSG:missing]
[DATETIME:2016-09-07 16:54:34][STATUS:Sent SMS][SMSC:goat][FROM:abc][TO:08170814752][MSG:missing]
[DATETIME:2016-09-07 16:54:39][STATUS:Sent SMS][SMSC:goat][FROM:abc][TO:08170814752][MSG:missing]
[DATETIME:2016-09-07 16:54:39][STATUS:Sent SMS][SMSC:goat][FROM:abc][TO:08170814752][MSG:missing]
[DATETIME:2016-09-07 16:54:40][STATUS:Sent SMS][SMSC:goat][FROM:abc][TO:08170814752][MSG:missing]
[DATETIME:2016-09-07 16:54:40][STATUS:Sent SMS][SMSC:goat][FROM:abc][TO:08170814752][MSG:missing]
[DATETIME:2016-09-07 16:54:41][STATUS:Sent SMS][SMSC:goat][FROM:abc][TO:08170814752][MSG:missing]
